<?xml version="1.0" encoding="UTF-8"?>
<testng-results skipped="0" failed="1" ignored="0" total="5" passed="4">
  <reporter-output>
    <line>
      <![CDATA[Firefox launched      Going to execute Tests]]>
    </line>
    <line>
      <![CDATA[ Please Wait!!!!!!---> Browser is navigating to www.easemytrip.com!!!!!<----]]>
    </line>
    <line>
      <![CDATA[Screenshot has been taken]]>
    </line>
  </reporter-output>
  <suite name="Regression_Suite" duration-ms="119733" started-at="2018-10-12T11:24:16Z" finished-at="2018-10-12T11:26:16Z">
    <groups>
    </groups>
    <test name="Test" duration-ms="119733" started-at="2018-10-12T11:24:16Z" finished-at="2018-10-12T11:26:16Z">
      <class name="com.easemytrip.scripts.RunScript">
        <test-method status="PASS" signature="setUp()[pri:0, instance:com.easemytrip.scripts.RunScript@4bbfb90a]" name="setUp" is-config="true" duration-ms="19161" started-at="2018-10-12T11:24:16Z" finished-at="2018-10-12T11:24:36Z">
          <reporter-output>
            <line>
              <![CDATA[Firefox launched      Going to execute Tests]]>
            </line>
            <line>
              <![CDATA[ Please Wait!!!!!!---> Browser is navigating to www.easemytrip.com!!!!!<----]]>
            </line>
          </reporter-output>
        </test-method> <!-- setUp -->
        <test-method status="PASS" signature="startReport()[pri:0, instance:com.easemytrip.scripts.RunScript@4bbfb90a]" name="startReport" is-config="true" duration-ms="102" started-at="2018-10-12T11:24:36Z" depends-on-methods="com.easemytrip.generic.BaseLib.setUp" finished-at="2018-10-12T11:24:36Z">
          <reporter-output>
          </reporter-output>
        </test-method> <!-- startReport -->
        <test-method status="PASS" signature="callSearchFlight()[pri:1, instance:com.easemytrip.scripts.RunScript@4bbfb90a]" name="callSearchFlight" duration-ms="30694" started-at="2018-10-12T11:24:36Z" description="Flight displayed....." finished-at="2018-10-12T11:25:06Z">
          <reporter-output>
          </reporter-output>
        </test-method> <!-- callSearchFlight -->
        <test-method status="PASS" signature="getResult(org.testng.ITestResult)[pri:0, instance:com.easemytrip.scripts.RunScript@4bbfb90a]" name="getResult" is-config="true" duration-ms="2" started-at="2018-10-12T11:25:06Z" finished-at="2018-10-12T11:25:06Z">
          <params>
            <param index="0">
              <value>
                <![CDATA[[TestResult name=callSearchFlight status=SUCCESS method=RunScript.callSearchFlight()[pri:1, instance:com.easemytrip.scripts.RunScript@4bbfb90a] output={null}]]]>
              </value>
            </param>
          </params>
          <reporter-output>
          </reporter-output>
        </test-method> <!-- getResult -->
        <test-method status="PASS" signature="getScreen(org.testng.ITestResult)[pri:0, instance:com.easemytrip.scripts.RunScript@4bbfb90a]" name="getScreen" is-config="true" duration-ms="1" started-at="2018-10-12T11:25:06Z" finished-at="2018-10-12T11:25:06Z">
          <params>
            <param index="0">
              <value>
                <![CDATA[[TestResult name=callSearchFlight status=SUCCESS method=RunScript.callSearchFlight()[pri:1, instance:com.easemytrip.scripts.RunScript@4bbfb90a] output={null}]]]>
              </value>
            </param>
          </params>
          <reporter-output>
          </reporter-output>
        </test-method> <!-- getScreen -->
        <test-method status="PASS" signature="toCheckInternationOrDomesticFlights()[pri:2, instance:com.easemytrip.scripts.RunScript@4bbfb90a]" name="toCheckInternationOrDomesticFlights" duration-ms="10121" started-at="2018-10-12T11:25:06Z" description="Check Whether searching flight is for Domestic or International:" depends-on-methods="com.easemytrip.scripts.RunScript.callSearchFlight" finished-at="2018-10-12T11:25:17Z">
          <reporter-output>
          </reporter-output>
        </test-method> <!-- toCheckInternationOrDomesticFlights -->
        <test-method status="PASS" signature="getResult(org.testng.ITestResult)[pri:0, instance:com.easemytrip.scripts.RunScript@4bbfb90a]" name="getResult" is-config="true" duration-ms="0" started-at="2018-10-12T11:25:17Z" finished-at="2018-10-12T11:25:17Z">
          <params>
            <param index="0">
              <value>
                <![CDATA[[TestResult name=toCheckInternationOrDomesticFlights status=SUCCESS method=RunScript.toCheckInternationOrDomesticFlights()[pri:2, instance:com.easemytrip.scripts.RunScript@4bbfb90a] output={null}]]]>
              </value>
            </param>
          </params>
          <reporter-output>
          </reporter-output>
        </test-method> <!-- getResult -->
        <test-method status="PASS" signature="getScreen(org.testng.ITestResult)[pri:0, instance:com.easemytrip.scripts.RunScript@4bbfb90a]" name="getScreen" is-config="true" duration-ms="1" started-at="2018-10-12T11:25:17Z" finished-at="2018-10-12T11:25:17Z">
          <params>
            <param index="0">
              <value>
                <![CDATA[[TestResult name=toCheckInternationOrDomesticFlights status=SUCCESS method=RunScript.toCheckInternationOrDomesticFlights()[pri:2, instance:com.easemytrip.scripts.RunScript@4bbfb90a] output={null}]]]>
              </value>
            </param>
          </params>
          <reporter-output>
          </reporter-output>
        </test-method> <!-- getScreen -->
        <test-method status="PASS" signature="enteringEmailId()[pri:3, instance:com.easemytrip.scripts.RunScript@4bbfb90a]" name="enteringEmailId" duration-ms="26093" started-at="2018-10-12T11:25:17Z" description=" Going to Enter Email Id:" depends-on-methods="com.easemytrip.scripts.RunScript.toCheckInternationOrDomesticFlights" finished-at="2018-10-12T11:25:43Z">
          <reporter-output>
          </reporter-output>
        </test-method> <!-- enteringEmailId -->
        <test-method status="PASS" signature="getResult(org.testng.ITestResult)[pri:0, instance:com.easemytrip.scripts.RunScript@4bbfb90a]" name="getResult" is-config="true" duration-ms="1" started-at="2018-10-12T11:25:43Z" finished-at="2018-10-12T11:25:43Z">
          <params>
            <param index="0">
              <value>
                <![CDATA[[TestResult name=enteringEmailId status=SUCCESS method=RunScript.enteringEmailId()[pri:3, instance:com.easemytrip.scripts.RunScript@4bbfb90a] output={null}]]]>
              </value>
            </param>
          </params>
          <reporter-output>
          </reporter-output>
        </test-method> <!-- getResult -->
        <test-method status="PASS" signature="getScreen(org.testng.ITestResult)[pri:0, instance:com.easemytrip.scripts.RunScript@4bbfb90a]" name="getScreen" is-config="true" duration-ms="0" started-at="2018-10-12T11:25:43Z" finished-at="2018-10-12T11:25:43Z">
          <params>
            <param index="0">
              <value>
                <![CDATA[[TestResult name=enteringEmailId status=SUCCESS method=RunScript.enteringEmailId()[pri:3, instance:com.easemytrip.scripts.RunScript@4bbfb90a] output={null}]]]>
              </value>
            </param>
          </params>
          <reporter-output>
          </reporter-output>
        </test-method> <!-- getScreen -->
        <test-method status="PASS" signature="enteringAdults()[pri:4, instance:com.easemytrip.scripts.RunScript@4bbfb90a]" name="enteringAdults" duration-ms="21640" started-at="2018-10-12T11:25:43Z" description="Going to enter travellers details:" depends-on-methods="com.easemytrip.scripts.RunScript.enteringEmailId" finished-at="2018-10-12T11:26:04Z">
          <reporter-output>
          </reporter-output>
        </test-method> <!-- enteringAdults -->
        <test-method status="PASS" signature="getResult(org.testng.ITestResult)[pri:0, instance:com.easemytrip.scripts.RunScript@4bbfb90a]" name="getResult" is-config="true" duration-ms="4" started-at="2018-10-12T11:26:04Z" finished-at="2018-10-12T11:26:04Z">
          <params>
            <param index="0">
              <value>
                <![CDATA[[TestResult name=enteringAdults status=SUCCESS method=RunScript.enteringAdults()[pri:4, instance:com.easemytrip.scripts.RunScript@4bbfb90a] output={null}]]]>
              </value>
            </param>
          </params>
          <reporter-output>
          </reporter-output>
        </test-method> <!-- getResult -->
        <test-method status="PASS" signature="getScreen(org.testng.ITestResult)[pri:0, instance:com.easemytrip.scripts.RunScript@4bbfb90a]" name="getScreen" is-config="true" duration-ms="1" started-at="2018-10-12T11:26:04Z" finished-at="2018-10-12T11:26:04Z">
          <params>
            <param index="0">
              <value>
                <![CDATA[[TestResult name=enteringAdults status=SUCCESS method=RunScript.enteringAdults()[pri:4, instance:com.easemytrip.scripts.RunScript@4bbfb90a] output={null}]]]>
              </value>
            </param>
          </params>
          <reporter-output>
          </reporter-output>
        </test-method> <!-- getScreen -->
        <test-method status="FAIL" signature="goingToMakePayment()[pri:5, instance:com.easemytrip.scripts.RunScript@4bbfb90a]" name="goingToMakePayment" duration-ms="6428" started-at="2018-10-12T11:26:04Z" description="Going to enter payment details" depends-on-methods="com.easemytrip.scripts.RunScript.enteringAdults" finished-at="2018-10-12T11:26:11Z">
          <exception class="java.lang.IndexOutOfBoundsException">
            <message>
              <![CDATA[Index: 9, Size: 8]]>
            </message>
            <full-stacktrace>
              <![CDATA[java.lang.IndexOutOfBoundsException: Index: 9, Size: 8
at java.util.ArrayList.rangeCheck(ArrayList.java:657)
at java.util.ArrayList.get(ArrayList.java:433)
at sun.reflect.NativeMethodAccessorImpl.invoke0(Native Method)
at sun.reflect.NativeMethodAccessorImpl.invoke(NativeMethodAccessorImpl.java:62)
at sun.reflect.DelegatingMethodAccessorImpl.invoke(DelegatingMethodAccessorImpl.java:43)
at java.lang.reflect.Method.invoke(Method.java:498)
at org.openqa.selenium.support.pagefactory.internal.LocatingElementListHandler.invoke(LocatingElementListHandler.java:39)
at com.sun.proxy.$Proxy6.get(Unknown Source)
at com.easemytrip.pageobjects.PaymentModePage.selectingPaymentOptions(PaymentModePage.java:238)
at com.easemytrip.scripts.RunScript.goingToMakePayment(RunScript.java:125)
at sun.reflect.NativeMethodAccessorImpl.invoke0(Native Method)
at sun.reflect.NativeMethodAccessorImpl.invoke(NativeMethodAccessorImpl.java:62)
at sun.reflect.DelegatingMethodAccessorImpl.invoke(DelegatingMethodAccessorImpl.java:43)
at java.lang.reflect.Method.invoke(Method.java:498)
at org.testng.internal.MethodInvocationHelper.invokeMethod(MethodInvocationHelper.java:124)
at org.testng.internal.Invoker.invokeMethod(Invoker.java:580)
at org.testng.internal.Invoker.invokeTestMethod(Invoker.java:716)
at org.testng.internal.Invoker.invokeTestMethods(Invoker.java:988)
at org.testng.internal.TestMethodWorker.invokeTestMethods(TestMethodWorker.java:125)
at org.testng.internal.TestMethodWorker.run(TestMethodWorker.java:109)
at org.testng.TestRunner.privateRun(TestRunner.java:648)
at org.testng.TestRunner.run(TestRunner.java:505)
at org.testng.SuiteRunner.runTest(SuiteRunner.java:455)
at org.testng.SuiteRunner.runSequentially(SuiteRunner.java:450)
at org.testng.SuiteRunner.privateRun(SuiteRunner.java:415)
at org.testng.SuiteRunner.run(SuiteRunner.java:364)
at org.testng.SuiteRunnerWorker.runSuite(SuiteRunnerWorker.java:52)
at org.testng.SuiteRunnerWorker.run(SuiteRunnerWorker.java:84)
at org.testng.TestNG.runSuitesSequentially(TestNG.java:1208)
at org.testng.TestNG.runSuitesLocally(TestNG.java:1137)
at org.testng.TestNG.runSuites(TestNG.java:1049)
at org.testng.TestNG.run(TestNG.java:1017)
at org.apache.maven.surefire.testng.TestNGExecutor.run(TestNGExecutor.java:283)
at org.apache.maven.surefire.testng.TestNGXmlTestSuite.execute(TestNGXmlTestSuite.java:75)
at org.apache.maven.surefire.testng.TestNGProvider.invoke(TestNGProvider.java:120)
at org.apache.maven.surefire.booter.ForkedBooter.invokeProviderInSameClassLoader(ForkedBooter.java:386)
at org.apache.maven.surefire.booter.ForkedBooter.runSuitesInProcess(ForkedBooter.java:323)
at org.apache.maven.surefire.booter.ForkedBooter.main(ForkedBooter.java:143)
]]>
            </full-stacktrace>
          </exception> <!-- java.lang.IndexOutOfBoundsException -->
          <reporter-output>
          </reporter-output>
        </test-method> <!-- goingToMakePayment -->
        <test-method status="PASS" signature="getResult(org.testng.ITestResult)[pri:0, instance:com.easemytrip.scripts.RunScript@4bbfb90a]" name="getResult" is-config="true" duration-ms="5004" started-at="2018-10-12T11:26:11Z" finished-at="2018-10-12T11:26:16Z">
          <params>
            <param index="0">
              <value>
                <![CDATA[[TestResult name=goingToMakePayment status=FAILURE method=RunScript.goingToMakePayment()[pri:5, instance:com.easemytrip.scripts.RunScript@4bbfb90a] output={null}]]]>
              </value>
            </param>
          </params>
          <reporter-output>
          </reporter-output>
        </test-method> <!-- getResult -->
        <test-method status="PASS" signature="getScreen(org.testng.ITestResult)[pri:0, instance:com.easemytrip.scripts.RunScript@4bbfb90a]" name="getScreen" is-config="true" duration-ms="189" started-at="2018-10-12T11:26:16Z" finished-at="2018-10-12T11:26:16Z">
          <params>
            <param index="0">
              <value>
                <![CDATA[[TestResult name=goingToMakePayment status=FAILURE method=RunScript.goingToMakePayment()[pri:5, instance:com.easemytrip.scripts.RunScript@4bbfb90a] output={null}]]]>
              </value>
            </param>
          </params>
          <reporter-output>
            <line>
              <![CDATA[Screenshot has been taken]]>
            </line>
          </reporter-output>
        </test-method> <!-- getScreen -->
        <test-method status="PASS" signature="endReport()[pri:0, instance:com.easemytrip.scripts.RunScript@4bbfb90a]" name="endReport" is-config="true" duration-ms="261" started-at="2018-10-12T11:26:16Z" finished-at="2018-10-12T11:26:16Z">
          <reporter-output>
          </reporter-output>
        </test-method> <!-- endReport -->
        <test-method status="PASS" signature="tearDown()[pri:0, instance:com.easemytrip.scripts.RunScript@4bbfb90a]" name="tearDown" is-config="true" duration-ms="0" started-at="2018-10-12T11:26:16Z" depends-on-methods="com.easemytrip.scripts.RunScript.endReport" finished-at="2018-10-12T11:26:16Z">
          <reporter-output>
          </reporter-output>
        </test-method> <!-- tearDown -->
      </class> <!-- com.easemytrip.scripts.RunScript -->
    </test> <!-- Test -->
  </suite> <!-- Regression_Suite -->
</testng-results>
