<?xml version="1.0" encoding="UTF-8"?>
<testsuite xmlns:xsi="http://www.w3.org/2001/XMLSchema-instance" xsi:noNamespaceSchemaLocation="https://maven.apache.org/surefire/maven-surefire-plugin/xsd/surefire-test-report.xsd" name="TestSuite" time="120.017" tests="5" errors="0" skipped="0" failures="1">
  <properties>
[...]
</properties>
  <testcase name="callSearchFlight" classname="com.easemytrip.scripts.RunScript" time="30.703"/>
  <testcase name="toCheckInternationOrDomesticFlights" classname="com.easemytrip.scripts.RunScript" time="10.128"/>
  <testcase name="enteringEmailId" classname="com.easemytrip.scripts.RunScript" time="26.086"/>
  <testcase name="enteringAdults" classname="com.easemytrip.scripts.RunScript" time="21.662"/>
  <testcase name="goingToMakePayment" classname="com.easemytrip.scripts.RunScript" time="6.418">
    <failure message="Index: 9, Size: 8" type="java.lang.IndexOutOfBoundsException">java.lang.IndexOutOfBoundsException: Index: 9, Size: 8
	at com.easemytrip.scripts.RunScript.goingToMakePayment(RunScript.java:125)
</failure>
    <system-out><![CDATA[Entered Traveller Details are: Traveller Details
E-mail
tech@easemytrip.com
Contact No.
9999113674
Adult (1)
Mr Rakesh Jha
Child (0)
Infant (0)
Total Fare calculated  is given Below :Price Summary
1
0
0
Adult x 1
7500
Total Taxes +
688
Insurance
199
Grand Total
8,387
]]></system-out>
  </testcase>
</testsuite>