<?xml version="1.0" encoding="UTF-8"?>
<!-- Generated by org.testng.reporters.JUnitXMLReporter -->
<testsuite hostname="TECH33" ignored="0" name="Test" tests="5" failures="1" timestamp="12 Oct 2018 11:26:16 GMT" time="119.733" errors="0">
  <testcase name="callSearchFlight" time="30.694" classname="com.easemytrip.scripts.RunScript"/>
  <testcase name="toCheckInternationOrDomesticFlights" time="10.121" classname="com.easemytrip.scripts.RunScript"/>
  <testcase name="enteringEmailId" time="26.093" classname="com.easemytrip.scripts.RunScript"/>
  <testcase name="enteringAdults" time="21.64" classname="com.easemytrip.scripts.RunScript"/>
  <testcase name="goingToMakePayment" time="6.428" classname="com.easemytrip.scripts.RunScript">
    <failure type="java.lang.IndexOutOfBoundsException" message="Index: 9, Size: 8">
      <![CDATA[java.lang.IndexOutOfBoundsException: Index: 9, Size: 8
at java.util.ArrayList.rangeCheck(ArrayList.java:657)
at java.util.ArrayList.get(ArrayList.java:433)
at org.openqa.selenium.support.pagefactory.internal.LocatingElementListHandler.invoke(LocatingElementListHandler.java:39)
at com.sun.proxy.$Proxy6.get(Unknown Source)
at com.easemytrip.pageobjects.PaymentModePage.selectingPaymentOptions(PaymentModePage.java:238)
at com.easemytrip.scripts.RunScript.goingToMakePayment(RunScript.java:125)
... Removed 32 stack frames]]>
    </failure>
  </testcase> <!-- goingToMakePayment -->
</testsuite> <!-- Test -->
