<?xml version="1.0" encoding="UTF-8"?>
<!-- Generated by org.testng.reporters.JUnitXMLReporter -->
<testsuite hostname="TECH33" ignored="0" name="Test" tests="5" failures="1" timestamp="05 Oct 2018 06:08:18 GMT" time="52.511" errors="0">
  <testcase name="callSearchFlight" time="29.937" classname="com.easemytrip.scripts.RunScript"/>
  <testcase name="toCheckInternationOrDomesticFlights" time="5.066" classname="com.easemytrip.scripts.RunScript">
    <failure type="java.lang.IllegalArgumentException" message="bound must be positive">
      <![CDATA[java.lang.IllegalArgumentException: bound must be positive
at java.util.Random.nextInt(Unknown Source)
at com.easemytrip.pageobjects.BookFlightPage.comp(BookFlightPage.java:135)
at com.easemytrip.pageobjects.BookFlightPage.compareTrips(BookFlightPage.java:67)
at com.easemytrip.scripts.RunScript.toCheckInternationOrDomesticFlights(RunScript.java:81)
... Removed 25 stack frames]]>
    </failure>
  </testcase> <!-- toCheckInternationOrDomesticFlights -->
  <testcase name="enteringEmailId" time="0.0" classname="com.easemytrip.scripts.RunScript">
    <skipped/>
  </testcase> <!-- enteringEmailId -->
  <testcase name="enteringAdults" time="0.0" classname="com.easemytrip.scripts.RunScript">
    <skipped/>
  </testcase> <!-- enteringAdults -->
  <testcase name="goingToMakePayment" time="0.0" classname="com.easemytrip.scripts.RunScript">
    <skipped/>
  </testcase> <!-- goingToMakePayment -->
</testsuite> <!-- Test -->
