<?xml version="1.0" encoding="UTF-8"?>
<!-- Generated by org.testng.reporters.JUnitXMLReporter -->
<testsuite hostname="TECH33" ignored="0" name="Test" tests="5" failures="1" timestamp="11 Oct 2018 11:24:44 GMT" time="109.886" errors="0">
  <testcase name="callSearchFlight" time="29.427" classname="com.easemytrip.scripts.RunScript"/>
  <testcase name="toCheckInternationOrDomesticFlights" time="9.75" classname="com.easemytrip.scripts.RunScript"/>
  <testcase name="enteringEmailId" time="25.994" classname="com.easemytrip.scripts.RunScript"/>
  <testcase name="enteringAdults" time="21.738" classname="com.easemytrip.scripts.RunScript"/>
  <testcase name="goingToMakePayment" time="6.424" classname="com.easemytrip.scripts.RunScript">
    <failure type="java.lang.IndexOutOfBoundsException" message="Index: 9, Size: 8">
      <![CDATA[java.lang.IndexOutOfBoundsException: Index: 9, Size: 8
at java.util.ArrayList.rangeCheck(Unknown Source)
at java.util.ArrayList.get(Unknown Source)
at org.openqa.selenium.support.pagefactory.internal.LocatingElementListHandler.invoke(LocatingElementListHandler.java:39)
at com.sun.proxy.$Proxy8.get(Unknown Source)
at com.easemytrip.pageobjects.PaymentModePage.selectingPaymentOptions(PaymentModePage.java:238)
at com.easemytrip.scripts.RunScript.goingToMakePayment(RunScript.java:125)
... Removed 29 stack frames]]>
    </failure>
  </testcase> <!-- goingToMakePayment -->
</testsuite> <!-- Test -->
